#
# There is insufficient memory for the Java Runtime Environment to continue.
# Native memory allocation (malloc) failed to allocate 308656 bytes for Chunk::new
# Possible reasons:
#   The system is out of physical RAM or swap space
#   In 32 bit mode, the process size limit was hit
# Possible solutions:
#   Reduce memory load on the system
#   Increase physical memory or swap space
#   Check if swap backing store is full
#   Use 64 bit Java on a 64 bit OS
#   Decrease Java heap size (-Xmx/-Xms)
#   Decrease number of Java threads
#   Decrease Java thread stack sizes (-Xss)
#   Set larger code cache with -XX:ReservedCodeCacheSize=
# This output file may be truncated or incomplete.
#
#  Out of Memory Error (allocation.cpp:390), pid=5268, tid=6736
#
# JRE version: Java(TM) SE Runtime Environment (8.0_65-b17) (build 1.8.0_65-b17)
# Java VM: Java HotSpot(TM) 64-Bit Server VM (25.65-b01 mixed mode windows-amd64 compressed oops)
# Failed to write core dump. Minidumps are not enabled by default on client versions of Windows
#

---------------  T H R E A D  ---------------

Current thread (0x00000000142ee000):  JavaThread "C2 CompilerThread0" daemon [_thread_in_native, id=6736, stack(0x0000000015930000,0x0000000015a30000)]

Stack: [0x0000000015930000,0x0000000015a30000]
[error occurred during error reporting (printing stack bounds), id 0xc0000005]

Native frames: (J=compiled Java code, j=interpreted, Vv=VM code, C=native code)


Current CompileTask:
C2:  25421 1900       4       com.sun.tools.javac.comp.Attr::check (187 bytes)


---------------  P R O C E S S  ---------------

Java Threads: ( => current thread )
  0x0000000014341000 JavaThread "Service Thread" daemon [_thread_blocked, id=900, stack(0x0000000015c30000,0x0000000015d30000)]
  0x00000000142fa000 JavaThread "C1 CompilerThread2" daemon [_thread_blocked, id=5964, stack(0x0000000015b30000,0x0000000015c30000)]
  0x00000000142f3000 JavaThread "C2 CompilerThread1" daemon [_thread_in_native, id=5748, stack(0x0000000015a30000,0x0000000015b30000)]
=>0x00000000142ee000 JavaThread "C2 CompilerThread0" daemon [_thread_in_native, id=6736, stack(0x0000000015930000,0x0000000015a30000)]
  0x00000000142ec800 JavaThread "Attach Listener" daemon [_thread_blocked, id=4464, stack(0x0000000015830000,0x0000000015930000)]
  0x00000000142eb800 JavaThread "Signal Dispatcher" daemon [_thread_blocked, id=5240, stack(0x0000000015730000,0x0000000015830000)]
  0x0000000002f58000 JavaThread "Finalizer" daemon [_thread_blocked, id=6684, stack(0x0000000015550000,0x0000000015650000)]
  0x0000000002f4f000 JavaThread "Reference Handler" daemon [_thread_blocked, id=7156, stack(0x0000000015450000,0x0000000015550000)]
  0x0000000002e63000 JavaThread "main" [_thread_in_native, id=4360, stack(0x0000000002cf0000,0x0000000002df0000)]

Other Threads:
  0x00000000142b8000 VMThread [stack: 0x0000000015350000,0x0000000015450000] [id=2836]
  0x0000000015d88800 WatcherThread [stack: 0x0000000016130000,0x0000000016230000] [id=6672]

VM state:not at safepoint (normal execution)

VM Mutex/Monitor currently owned by a thread: None

Heap:
 PSYoungGen      total 8704K, used 6236K [0x00000000f5d00000, 0x00000000f6900000, 0x0000000100000000)
  eden space 5632K, 81% used [0x00000000f5d00000,0x00000000f617f278,0x00000000f6280000)
  from space 3072K, 53% used [0x00000000f6280000,0x00000000f6418000,0x00000000f6580000)
  to   space 3072K, 0% used [0x00000000f6600000,0x00000000f6600000,0x00000000f6900000)
 ParOldGen       total 17408K, used 12308K [0x00000000e1600000, 0x00000000e2700000, 0x00000000f5d00000)
  object space 17408K, 70% used [0x00000000e1600000,0x00000000e2205008,0x00000000e2700000)
 Metaspace       used 9759K, capacity 10132K, committed 10368K, reserved 1058816K
  class space    used 1081K, capacity 1104K, committed 1152K, reserved 1048576K

Card table byte_map: [0x0000000012400000,0x0000000012500000] byte_map_base: 0x0000000011cf5000

Marking Bits: (ParMarkBitMap*) 0x000000005f93a5b0
 Begin Bits: [0x0000000012900000, 0x00000000130a8000)
 End Bits:   [0x00000000130a8000, 0x0000000013850000)

Polling page: 0x0000000001510000

CodeCache: size=245760Kb used=7621Kb max_used=7933Kb free=238138Kb
 bounds [0x0000000003040000, 0x0000000003810000, 0x0000000012040000]
 total_blobs=2213 nmethods=1915 adapters=210
 compilation: enabled

Compilation events (10 events):
Event: 24.709 Thread 0x00000000142fa000 1998       3       com.sun.tools.javac.comp.Resolve$MostSpecificCheck::argumentsAcceptable (119 bytes)
Event: 24.710 Thread 0x00000000142f3000 nmethod 1995 0x00000000032173d0 code [0x0000000003217520, 0x00000000032175f8]
Event: 24.710 Thread 0x00000000142fa000 nmethod 1998 0x0000000003272210 code [0x0000000003272420, 0x0000000003272fd8]
Event: 24.710 Thread 0x00000000142f3000 1997       4       com.sun.tools.javac.comp.Resolve$4::argumentsAcceptable (69 bytes)
Event: 24.712 Thread 0x00000000142fa000 2001       3       com.sun.tools.javac.comp.Check$1::compatible (14 bytes)
Event: 24.713 Thread 0x00000000142fa000 nmethod 2001 0x000000000321dd50 code [0x000000000321dec0, 0x000000000321e088]
Event: 24.713 Thread 0x00000000142fa000 2002       3       com.sun.tools.javac.comp.Check$1::checkWarner (11 bytes)
Event: 24.713 Thread 0x00000000142fa000 nmethod 2002 0x0000000003240950 code [0x0000000003240ac0, 0x0000000003240e28]
Event: 24.874 Thread 0x00000000142fa000 2004       3       com.sun.tools.javac.jvm.ClassReader::findTypeVar (81 bytes)
Event: 24.875 Thread 0x00000000142fa000 nmethod 2004 0x0000000003270e10 code [0x0000000003271040, 0x0000000003271bb8]

GC Heap History (10 events):
Event: 21.235 GC heap before
{Heap before GC invocations=22 (full 3):
 PSYoungGen      total 7168K, used 4608K [0x00000000f5d00000, 0x00000000f6680000, 0x0000000100000000)
  eden space 4608K, 100% used [0x00000000f5d00000,0x00000000f6180000,0x00000000f6180000)
  from space 2560K, 0% used [0x00000000f6400000,0x00000000f6400000,0x00000000f6680000)
  to   space 2560K, 0% used [0x00000000f6180000,0x00000000f6180000,0x00000000f6400000)
 ParOldGen       total 17408K, used 10340K [0x00000000e1600000, 0x00000000e2700000, 0x00000000f5d00000)
  object space 17408K, 59% used [0x00000000e1600000,0x00000000e20190b8,0x00000000e2700000)
 Metaspace       used 7755K, capacity 8564K, committed 8704K, reserved 1056768K
  class space    used 907K, capacity 944K, committed 1024K, reserved 1048576K
Event: 21.237 GC heap after
Heap after GC invocations=22 (full 3):
 PSYoungGen      total 7168K, used 770K [0x00000000f5d00000, 0x00000000f6780000, 0x0000000100000000)
  eden space 4608K, 0% used [0x00000000f5d00000,0x00000000f5d00000,0x00000000f6180000)
  from space 2560K, 30% used [0x00000000f6180000,0x00000000f6240b08,0x00000000f6400000)
  to   space 2560K, 0% used [0x00000000f6500000,0x00000000f6500000,0x00000000f6780000)
 ParOldGen       total 17408K, used 10340K [0x00000000e1600000, 0x00000000e2700000, 0x00000000f5d00000)
  object space 17408K, 59% used [0x00000000e1600000,0x00000000e20190b8,0x00000000e2700000)
 Metaspace       used 7755K, capacity 8564K, committed 8704K, reserved 1056768K
  class space    used 907K, capacity 944K, committed 1024K, reserved 1048576K
}
Event: 22.413 GC heap before
{Heap before GC invocations=23 (full 3):
 PSYoungGen      total 7168K, used 5378K [0x00000000f5d00000, 0x00000000f6780000, 0x0000000100000000)
  eden space 4608K, 100% used [0x00000000f5d00000,0x00000000f6180000,0x00000000f6180000)
  from space 2560K, 30% used [0x00000000f6180000,0x00000000f6240b08,0x00000000f6400000)
  to   space 2560K, 0% used [0x00000000f6500000,0x00000000f6500000,0x00000000f6780000)
 ParOldGen       total 17408K, used 10340K [0x00000000e1600000, 0x00000000e2700000, 0x00000000f5d00000)
  object space 17408K, 59% used [0x00000000e1600000,0x00000000e20190b8,0x00000000e2700000)
 Metaspace       used 7892K, capacity 8692K, committed 8960K, reserved 1056768K
  class space    used 907K, capacity 944K, committed 1024K, reserved 1048576K
Event: 22.416 GC heap after
Heap after GC invocations=23 (full 3):
 PSYoungGen      total 7168K, used 2018K [0x00000000f5d00000, 0x00000000f6700000, 0x0000000100000000)
  eden space 5120K, 0% used [0x00000000f5d00000,0x00000000f5d00000,0x00000000f6200000)
  from space 2048K, 98% used [0x00000000f6500000,0x00000000f66f8b18,0x00000000f6700000)
  to   space 2560K, 0% used [0x00000000f6200000,0x00000000f6200000,0x00000000f6480000)
 ParOldGen       total 17408K, used 10348K [0x00000000e1600000, 0x00000000e2700000, 0x00000000f5d00000)
  object space 17408K, 59% used [0x00000000e1600000,0x00000000e201b0b8,0x00000000e2700000)
 Metaspace       used 7892K, capacity 8692K, committed 8960K, reserved 1056768K
  class space    used 907K, capacity 944K, committed 1024K, reserved 1048576K
}
Event: 23.113 GC heap before
{Heap before GC invocations=24 (full 3):
 PSYoungGen      total 7168K, used 7138K [0x00000000f5d00000, 0x00000000f6700000, 0x0000000100000000)
  eden space 5120K, 100% used [0x00000000f5d00000,0x00000000f6200000,0x00000000f6200000)
  from space 2048K, 98% used [0x00000000f6500000,0x00000000f66f8b18,0x00000000f6700000)
  to   space 2560K, 0% used [0x00000000f6200000,0x00000000f6200000,0x00000000f6480000)
 ParOldGen       total 17408K, used 10348K [0x00000000e1600000, 0x00000000e2700000, 0x00000000f5d00000)
  object space 17408K, 59% used [0x00000000e1600000,0x00000000e201b0b8,0x00000000e2700000)
 Metaspace       used 8913K, capacity 9428K, committed 9600K, reserved 1058816K
  class space    used 1023K, capacity 1040K, committed 1152K, reserved 1048576K
Event: 23.117 GC heap after
Heap after GC invocations=24 (full 3):
 PSYoungGen      total 7680K, used 2528K [0x00000000f5d00000, 0x00000000f6880000, 0x0000000100000000)
  eden space 5120K, 0% used [0x00000000f5d00000,0x00000000f5d00000,0x00000000f6200000)
  from space 2560K, 98% used [0x00000000f6200000,0x00000000f6478010,0x00000000f6480000)
  to   space 3072K, 0% used [0x00000000f6580000,0x00000000f6580000,0x00000000f6880000)
 ParOldGen       total 17408K, used 10527K [0x00000000e1600000, 0x00000000e2700000, 0x00000000f5d00000)
  object space 17408K, 60% used [0x00000000e1600000,0x00000000e2047d78,0x00000000e2700000)
 Metaspace       used 8913K, capacity 9428K, committed 9600K, reserved 1058816K
  class space    used 1023K, capacity 1040K, committed 1152K, reserved 1048576K
}
Event: 23.924 GC heap before
{Heap before GC invocations=25 (full 3):
 PSYoungGen      total 7680K, used 7648K [0x00000000f5d00000, 0x00000000f6880000, 0x0000000100000000)
  eden space 5120K, 100% used [0x00000000f5d00000,0x00000000f6200000,0x00000000f6200000)
  from space 2560K, 98% used [0x00000000f6200000,0x00000000f6478010,0x00000000f6480000)
  to   space 3072K, 0% used [0x00000000f6580000,0x00000000f6580000,0x00000000f6880000)
 ParOldGen       total 17408K, used 10527K [0x00000000e1600000, 0x00000000e2700000, 0x00000000f5d00000)
  object space 17408K, 60% used [0x00000000e1600000,0x00000000e2047d78,0x00000000e2700000)
 Metaspace       used 9390K, capacity 9876K, committed 10112K, reserved 1058816K
  class space    used 1077K, capacity 1104K, committed 1152K, reserved 1048576K
Event: 23.929 GC heap after
Heap after GC invocations=25 (full 3):
 PSYoungGen      total 8704K, used 1440K [0x00000000f5d00000, 0x00000000f6880000, 0x0000000100000000)
  eden space 5632K, 0% used [0x00000000f5d00000,0x00000000f5d00000,0x00000000f6280000)
  from space 3072K, 46% used [0x00000000f6580000,0x00000000f66e8000,0x00000000f6880000)
  to   space 3072K, 0% used [0x00000000f6280000,0x00000000f6280000,0x00000000f6580000)
 ParOldGen       total 17408K, used 12300K [0x00000000e1600000, 0x00000000e2700000, 0x00000000f5d00000)
  object space 17408K, 70% used [0x00000000e1600000,0x00000000e2203008,0x00000000e2700000)
 Metaspace       used 9390K, capacity 9876K, committed 10112K, reserved 1058816K
  class space    used 1077K, capacity 1104K, committed 1152K, reserved 1048576K
}
Event: 24.448 GC heap before
{Heap before GC invocations=26 (full 3):
 PSYoungGen      total 8704K, used 7072K [0x00000000f5d00000, 0x00000000f6880000, 0x0000000100000000)
  eden space 5632K, 100% used [0x00000000f5d00000,0x00000000f6280000,0x00000000f6280000)
  from space 3072K, 46% used [0x00000000f6580000,0x00000000f66e8000,0x00000000f6880000)
  to   space 3072K, 0% used [0x00000000f6280000,0x00000000f6280000,0x00000000f6580000)
 ParOldGen       total 17408K, used 12300K [0x00000000e1600000, 0x00000000e2700000, 0x00000000f5d00000)
  object space 17408K, 70% used [0x00000000e1600000,0x00000000e2203008,0x00000000e2700000)
 Metaspace       used 9669K, capacity 10068K, committed 10368K, reserved 1058816K
  class space    used 1079K, capacity 1104K, committed 1152K, reserved 1048576K
Event: 24.453 GC heap after
Heap after GC invocations=26 (full 3):
 PSYoungGen      total 8704K, used 1632K [0x00000000f5d00000, 0x00000000f6900000, 0x0000000100000000)
  eden space 5632K, 0% used [0x00000000f5d00000,0x00000000f5d00000,0x00000000f6280000)
  from space 3072K, 53% used [0x00000000f6280000,0x00000000f6418000,0x00000000f6580000)
  to   space 3072K, 0% used [0x00000000f6600000,0x00000000f6600000,0x00000000f6900000)
 ParOldGen       total 17408K, used 12308K [0x00000000e1600000, 0x00000000e2700000, 0x00000000f5d00000)
  object space 17408K, 70% used [0x00000000e1600000,0x00000000e2205008,0x00000000e2700000)
 Metaspace       used 9669K, capacity 10068K, committed 10368K, reserved 1058816K
  class space    used 1079K, capacity 1104K, committed 1152K, reserved 1048576K
}

Deoptimization events (10 events):
Event: 23.989 Thread 0x0000000002e63000 Uncommon trap: reason=bimorphic action=maybe_recompile pc=0x00000000035b5788 method=com.sun.tools.javac.code.Types$18.visitClassType(Lcom/sun/tools/javac/code/Type$ClassType;Ljava/lang/Void;)Lcom/sun/tools/javac/code/Type; @ 19
Event: 23.989 Thread 0x0000000002e63000 Uncommon trap: reason=bimorphic action=maybe_recompile pc=0x00000000035b5788 method=com.sun.tools.javac.code.Types$18.visitClassType(Lcom/sun/tools/javac/code/Type$ClassType;Ljava/lang/Void;)Lcom/sun/tools/javac/code/Type; @ 19
Event: 23.989 Thread 0x0000000002e63000 Uncommon trap: reason=bimorphic action=maybe_recompile pc=0x000000000360f59c method=com.sun.tools.javac.code.Types$19.visitClassType(Lcom/sun/tools/javac/code/Type$ClassType;Ljava/lang/Void;)Lcom/sun/tools/javac/util/List; @ 64
Event: 23.989 Thread 0x0000000002e63000 Uncommon trap: reason=bimorphic action=maybe_recompile pc=0x000000000360f59c method=com.sun.tools.javac.code.Types$19.visitClassType(Lcom/sun/tools/javac/code/Type$ClassType;Ljava/lang/Void;)Lcom/sun/tools/javac/util/List; @ 64
Event: 23.989 Thread 0x0000000002e63000 Uncommon trap: reason=bimorphic action=maybe_recompile pc=0x00000000035b5788 method=com.sun.tools.javac.code.Types$18.visitClassType(Lcom/sun/tools/javac/code/Type$ClassType;Ljava/lang/Void;)Lcom/sun/tools/javac/code/Type; @ 19
Event: 23.990 Thread 0x0000000002e63000 Uncommon trap: reason=bimorphic action=maybe_recompile pc=0x00000000035c9da8 method=com.sun.tools.javac.code.Types$18.visitClassType(Lcom/sun/tools/javac/code/Type$ClassType;Ljava/lang/Void;)Lcom/sun/tools/javac/code/Type; @ 19
Event: 23.990 Thread 0x0000000002e63000 Uncommon trap: reason=bimorphic action=maybe_recompile pc=0x000000000360f59c method=com.sun.tools.javac.code.Types$19.visitClassType(Lcom/sun/tools/javac/code/Type$ClassType;Ljava/lang/Void;)Lcom/sun/tools/javac/util/List; @ 64
Event: 23.990 Thread 0x0000000002e63000 Uncommon trap: reason=bimorphic action=maybe_recompile pc=0x000000000360f59c method=com.sun.tools.javac.code.Types$19.visitClassType(Lcom/sun/tools/javac/code/Type$ClassType;Ljava/lang/Void;)Lcom/sun/tools/javac/util/List; @ 64
Event: 23.990 Thread 0x0000000002e63000 Uncommon trap: reason=bimorphic action=maybe_recompile pc=0x00000000035fa61c method=com.sun.tools.javac.code.Types$19.visitClassType(Lcom/sun/tools/javac/code/Type$ClassType;Ljava/lang/Void;)Lcom/sun/tools/javac/util/List; @ 64
Event: 24.387 Thread 0x0000000002e63000 Uncommon trap: reason=unstable_if action=reinterpret pc=0x000000000367e560 method=com.sun.tools.javac.comp.Check.checkType(Lcom/sun/tools/javac/util/JCDiagnostic$DiagnosticPosition;Lcom/sun/tools/javac/code/Type;Lcom/sun/tools/javac/code/Type;Lcom/sun/toolgяеBэ7@

Internal exceptions (10 events):
Event: 11.176 Thread 0x0000000002e63000 Exception <a 'java/security/PrivilegedActionException'> (0x00000000f5d0a440) thrown at [C:\workspace\8-2-build-windows-amd64-cygwin\jdk8u65\4987\hotspot\src\share\vm\prims\jvm.cpp, line 1386]
Event: 11.176 Thread 0x0000000002e63000 Exception <a 'java/security/PrivilegedActionException'> (0x00000000f5d0b420) thrown at [C:\workspace\8-2-build-windows-amd64-cygwin\jdk8u65\4987\hotspot\src\share\vm\prims\jvm.cpp, line 1386]
Event: 11.176 Thread 0x0000000002e63000 Exception <a 'java/security/PrivilegedActionException'> (0x00000000f5d0b630) thrown at [C:\workspace\8-2-build-windows-amd64-cygwin\jdk8u65\4987\hotspot\src\share\vm\prims\jvm.cpp, line 1386]
Event: 11.178 Thread 0x0000000002e63000 Exception <a 'java/security/PrivilegedActionException'> (0x00000000f5d14370) thrown at [C:\workspace\8-2-build-windows-amd64-cygwin\jdk8u65\4987\hotspot\src\share\vm\prims\jvm.cpp, line 1386]
Event: 11.178 Thread 0x0000000002e63000 Exception <a 'java/security/PrivilegedActionException'> (0x00000000f5d14580) thrown at [C:\workspace\8-2-build-windows-amd64-cygwin\jdk8u65\4987\hotspot\src\share\vm\prims\jvm.cpp, line 1386]
Event: 18.144 Thread 0x0000000002e63000 Exception <a 'java/io/FileNotFoundException'> (0x00000000f5ed8830) thrown at [C:\workspace\8-2-build-windows-amd64-cygwin\jdk8u65\4987\hotspot\src\share\vm\prims\jni.cpp, line 709]
Event: 19.369 Thread 0x0000000002e63000 Exception <a 'java/io/FileNotFoundException'> (0x00000000f5f0c1c8) thrown at [C:\workspace\8-2-build-windows-amd64-cygwin\jdk8u65\4987\hotspot\src\share\vm\prims\jni.cpp, line 709]
Event: 19.418 Thread 0x0000000002e63000 Exception <a 'java/io/FileNotFoundException'> (0x00000000f5e4ae10) thrown at [C:\workspace\8-2-build-windows-amd64-cygwin\jdk8u65\4987\hotspot\src\share\vm\prims\jni.cpp, line 709]
Event: 19.419 Thread 0x0000000002e63000 Exception <a 'java/io/FileNotFoundException'> (0x00000000f5e4ba50) thrown at [C:\workspace\8-2-build-windows-amd64-cygwin\jdk8u65\4987\hotspot\src\share\vm\prims\jni.cpp, line 709]
Event: 19.421 Thread 0x0000000002e63000 Exception <a 'java/io/FileNotFoundException'> (0x00000000f5e8de18) thrown at [C:\workspace\8-2-build-windows-amd64-cygwin\jdk8u65\4987\hotspot\src\share\vm\prims\jni.cpp, line 709]

Events (10 events):
Event: 24.709 Thread 0x00000000142f3000 flushing nmethod 0x0000000003270d90
Event: 24.709 Thread 0x00000000142f3000 flushing nmethod 0x0000000003271150
Event: 24.709 Thread 0x00000000142f3000 flushing nmethod 0x00000000032737d0
Event: 24.710 Thread 0x00000000142f3000 flushing nmethod 0x0000000003283ad0
Event: 24.710 Thread 0x00000000142f3000 flushing nmethod 0x000000000329c1d0
Event: 24.710 Thread 0x00000000142f3000 flushing nmethod 0x000000000329cb50
Event: 24.710 Thread 0x00000000142f3000 flushing nmethod 0x000000000329d510
Event: 24.710 Thread 0x00000000142f3000 flushing nmethod 0x00000000032b0b50
Event: 24.710 Thread 0x00000000142f3000 flushing nmethod 0x00000000032c4ed0
Event: 24.710 Thread 0x00000000142f3000 flushing nmethod 0x00000000032d0690


Dynamic libraries:
0x00007ff6ed3a0000 - 0x00007ff6ed3a7000 	C:\Program Files\Java\jdk1.8.0_65\bin\javac.exe
0x00007ff805f80000 - 0x00007ff806141000 	C:\Windows\SYSTEM32\ntdll.dll
0x00007ff8053e0000 - 0x00007ff80548d000 	C:\Windows\system32\KERNEL32.DLL
0x00007ff802de0000 - 0x00007ff802fbd000 	C:\Windows\system32\KERNELBASE.dll
0x0000000060160000 - 0x000000006018f000 	C:\Program Files\Java\jdk1.8.0_65\bin\jli.dll
0x000000005eeb0000 - 0x000000005ef82000 	C:\Program Files\Java\jdk1.8.0_65\bin\MSVCR100.dll
0x00007ff805330000 - 0x00007ff8053d6000 	C:\Windows\system32\ADVAPI32.dll
0x00007ff805500000 - 0x00007ff80559d000 	C:\Windows\system32\msvcrt.dll
0x00007ff8058a0000 - 0x00007ff8058fb000 	C:\Windows\system32\sechost.dll
0x00007ff8055a0000 - 0x00007ff8056c6000 	C:\Windows\system32\RPCRT4.dll
0x00007ff8059c0000 - 0x00007ff805b0e000 	C:\Windows\system32\USER32.dll
0x00007ff8056d0000 - 0x00007ff805856000 	C:\Windows\system32\GDI32.dll
0x00007ffff3a80000 - 0x00007ffff3cf4000 	C:\Windows\WinSxS\amd64_microsoft.windows.common-controls_6595b64144ccf1df_6.0.10240.16384_none_f41f7b285750ef43\COMCTL32.dll
0x00007ff805860000 - 0x00007ff805896000 	C:\Windows\system32\IMM32.DLL
0x00007ff805cc0000 - 0x00007ff805e1c000 	C:\Windows\system32\MSCTF.dll
0x0000000060350000 - 0x0000000060422000 	C:\Program Files\Java\jdk1.8.0_65\jre\bin\msvcr100.dll
0x000000005f130000 - 0x000000005f9b9000 	C:\Program Files\Java\jdk1.8.0_65\jre\bin\server\jvm.dll
0x00007ffffe930000 - 0x00007ffffe939000 	C:\Windows\SYSTEM32\WSOCK32.dll
0x00007ff800790000 - 0x00007ff8007b3000 	C:\Windows\SYSTEM32\WINMM.dll
0x00000000014c0000 - 0x00000000014ec000 	C:\Windows\SYSTEM32\WINMMBASE.dll
0x00007ff802d90000 - 0x00007ff802dd4000 	C:\Windows\system32\cfgmgr32.dll
0x00007ff805f10000 - 0x00007ff805f18000 	C:\Windows\system32\PSAPI.DLL
0x00007ff800e90000 - 0x00007ff800e9a000 	C:\Windows\SYSTEM32\VERSION.dll
0x00007ff801ab0000 - 0x00007ff801ad7000 	C:\Windows\SYSTEM32\DEVOBJ.dll
0x00007ff805490000 - 0x00007ff8054f9000 	C:\Windows\system32\ws2_32.DLL
0x00007ff8036b0000 - 0x00007ff8036b8000 	C:\Windows\system32\NSI.dll
0x0000000060300000 - 0x000000006030f000 	C:\Program Files\Java\jdk1.8.0_65\jre\bin\verify.dll
0x00000000602d0000 - 0x00000000602f9000 	C:\Program Files\Java\jdk1.8.0_65\jre\bin\java.dll
0x00000000602b0000 - 0x00000000602c6000 	C:\Program Files\Java\jdk1.8.0_65\jre\bin\zip.dll
0x00007ff803940000 - 0x00007ff804e62000 	C:\Windows\system32\SHELL32.dll
0x00007ff803020000 - 0x00007ff803649000 	C:\Windows\system32\windows.storage.dll
0x00007ff8036c0000 - 0x00007ff80393c000 	C:\Windows\system32\combase.dll
0x00007ff805f20000 - 0x00007ff805f71000 	C:\Windows\system32\shlwapi.dll
0x00007ff8029d0000 - 0x00007ff8029df000 	C:\Windows\system32\kernel.appcore.dll
0x00007ff802b00000 - 0x00007ff802bb3000 	C:\Windows\system32\shcore.dll
0x00007ff802a00000 - 0x00007ff802a4a000 	C:\Windows\system32\powrprof.dll
0x00007ff8029e0000 - 0x00007ff8029f3000 	C:\Windows\system32\profapi.dll

VM Arguments:
jvm_args: -Dapplication.home=C:\Program Files\Java\jdk1.8.0_65 -Xms8m 
java_command: com.sun.tools.javac.Main -d D:\eFocus\Projects\New Projects\SalarySetup\PayRollSystem\build\classes -classpath D:\eFocus\Projects\New Projects\SalarySetup\PayRollSystem\build\classes;D:\Software\JAVA\Libries\Datechoser\jcalendar-1.3.3.jar;D:\Software\JAVA\Libries\Systhetica\mysql-connector-java-5.1.7-bin.jar;C:\Program Files\NetBeans 8.1\java\modules\ext\AbsoluteLayout.jar;D:\Software\JAVA\Libries\Systhetica\JasperBabylon-1.0.0.jar;D:\Software\JAVA\Libries\Systhetica\jasperreports-2.0.3.jar;D:\Software\JAVA\Libries\Systhetica\jasperreports-extensions-1.3.1.jar;D:\Software\JAVA\Libries\Systhetica\iReport\xercesImpl.jar;D:\Software\JAVA\Libries\Systhetica\commons-beanutils-1.7.jar;D:\Software\JAVA\Libries\Systhetica\groovy-all-1.0.jar;D:\Software\JAVA\Libries\Systhetica\commons-logging-1.0.2.jar;D:\Software\JAVA\Libries\Systhetica\commons-collections-2.1.jar;D:\Software\JAVA\Libries\Systhetica\commons-digester-1.7.jar;D:\Software\JAVA\Libries\Systhetica\jfreechart-1.0.0.jar;D:\Software\JAVA\Libries\Systhetica\iReport.jar;D:\Software\JAVA\Libries\Systhetica\itext-1.3.1.jar -sourcepath D:\eFocus\Projects\New Projects\SalarySetup\PayRollSystem\build\empty -target 1.8 -encoding UTF-8 -g -processorpath D:\Software\JAVA\Libries\Datechoser\jcalendar-1.3.3.jar;D:\Software\JAVA\Libries\Systhetica\mysql-connector-java-5.1.7-bin.jar;C:\Program Files\NetBeans 8.1\java\modules\ext\AbsoluteLayout.jar;D:\Software\JAVA\Libries\Systhetica\JasperBabylon-1.0.0.jar;D:\Software\JAVA\Libries\Systhetica\jasperreports-2.0.3.jar;D:\Software\JAVA\Libries\Systhetica\jasperreports-extensions-1.3.1.jar;D:\Software\JAVA\Libries\Systhetica\iReport\xercesImpl.jar;D:\Software\JAVA\Libries\Systhetica\commons-beanutils-1.7.jar;D:\Software\JAVA\Libries\Systhetica\groovy-all-1.0.jar;D:\Software\JAVA\Libries\Systhetica\commons-logging-1.0.2.jar;D:\Software\JAVA\Libries\Systhetica\commons-collections-2.1.jar;D:\Software\JAVA\Libries\Systhetica\commons-digester-1.7.jar;D:\Software\JAVA\Libri
java_class_path (initial): C:\Program Files\Java\jdk1.8.0_65/lib/tools.jar;C:\Program Files\Java\jdk1.8.0_65/classes
Launcher Type: SUN_STANDARD

Environment Variables:
PATH=C:\ProgramData\Oracle\Java\javapath;C:\Windows\system32;C:\Windows;C:\Windows\System32\Wbem;C:\Windows\System32\WindowsPowerShell\v1.0\;C:\Program Files (x86)\Intel\OpenCL SDK\2.0\bin\x86;C:\Program Files (x86)\Intel\OpenCL SDK\2.0\bin\x64;C:\Program Files (x86)\QuickTime\QTSystem\;C:\Program Files (x86)\Skype\Phone\
USERNAME=VimukthiKasunKalhara
OS=Windows_NT
PROCESSOR_IDENTIFIER=Intel64 Family 6 Model 42 Stepping 7, GenuineIntel



---------------  S Y S T E M  ---------------

OS: Windows 10.0 , 64 bit Build 10240 (10.0.10240.16384)

CPU:total 4 (2 cores per cpu, 2 threads per core) family 6 model 42 stepping 7, cmov, cx8, fxsr, mmx, sse, sse2, sse3, ssse3, sse4.1, sse4.2, popcnt, avx, clmul, ht, tsc, tscinvbit

Memory: 4k page, physical 2003400k(141340k free), swap 8032712k(4220k free)

vm_info: Java HotSpot(TM) 64-Bit Server VM (25.65-b01) for windows-amd64 JRE (1.8.0_65-b17), built on Oct  6 2015 16:39:20 by "java_re" with MS VC++ 10.0 (VS2010)

time: Sat Mar 19 12:29:26 2016
elapsed time: 26 seconds (0d 0h 0m 26s)

